Added Component: Designator=C1(C-0603)
Add component (AddParameter): Name = "Voltage"; Value = "50V"; VariantName = "[No Variations]"
Add component (AddParameter): Name = "Вид"; Value = "Конденсатор"; VariantName = "[No Variations]"
Add component (AddParameter): Name = "Виробник"; Value = ""; VariantName = "[No Variations]"
Add component (AddParameter): Name = "Примітки"; Value = ""; VariantName = "[No Variations]"
Add component (AddParameter): Name = "Точність/група"; Value = "NP0"; VariantName = "[No Variations]"
Added Component: Designator=C2(C-0603)
Add component (AddParameter): Name = "Voltage"; Value = "50V"; VariantName = "[No Variations]"
Add component (AddParameter): Name = "Вид"; Value = "Конденсатор"; VariantName = "[No Variations]"
Add component (AddParameter): Name = "Виробник"; Value = ""; VariantName = "[No Variations]"
Add component (AddParameter): Name = "Примітки"; Value = ""; VariantName = "[No Variations]"
Add component (AddParameter): Name = "Точність/група"; Value = "NP0"; VariantName = "[No Variations]"
Add Component: Footprint Not Found C_EL_SMD_6x8mm
Added Component: Designator=C4(C-0603)
Add component (AddParameter): Name = "Voltage"; Value = "50V"; VariantName = "[No Variations]"
Add component (AddParameter): Name = "Вид"; Value = "Конденсатор"; VariantName = "[No Variations]"
Add component (AddParameter): Name = "Виробник"; Value = ""; VariantName = "[No Variations]"
Add component (AddParameter): Name = "Примітки"; Value = ""; VariantName = "[No Variations]"
Add component (AddParameter): Name = "Точність/група"; Value = "NP0"; VariantName = "[No Variations]"
Added Component: Designator=C5(C-0603)
Add component (AddParameter): Name = "Voltage"; Value = "50V"; VariantName = "[No Variations]"
Add component (AddParameter): Name = "Вид"; Value = "Конденсатор"; VariantName = "[No Variations]"
Add component (AddParameter): Name = "Виробник"; Value = ""; VariantName = "[No Variations]"
Add component (AddParameter): Name = "Примітки"; Value = ""; VariantName = "[No Variations]"
Add component (AddParameter): Name = "Точність/група"; Value = "NP0"; VariantName = "[No Variations]"
Add Component: Footprint Not Found C_EL_SMD_6x8mm
Added Component: Designator=C7(C-0603)
Add component (AddParameter): Name = "Voltage"; Value = "50V"; VariantName = "[No Variations]"
Add component (AddParameter): Name = "Вид"; Value = "Конденсатор"; VariantName = "[No Variations]"
Add component (AddParameter): Name = "Виробник"; Value = ""; VariantName = "[No Variations]"
Add component (AddParameter): Name = "Примітки"; Value = ""; VariantName = "[No Variations]"
Add component (AddParameter): Name = "Точність/група"; Value = "NP0"; VariantName = "[No Variations]"
Added Component: Designator=C8(C-0603)
Add component (AddParameter): Name = "Voltage"; Value = "50V"; VariantName = "[No Variations]"
Add component (AddParameter): Name = "Вид"; Value = "Конденсатор"; VariantName = "[No Variations]"
Add component (AddParameter): Name = "Виробник"; Value = ""; VariantName = "[No Variations]"
Add component (AddParameter): Name = "Примітки"; Value = ""; VariantName = "[No Variations]"
Add component (AddParameter): Name = "Точність/група"; Value = "NP0"; VariantName = "[No Variations]"
Added Component: Designator=C9(C_TANTAL_C)
Add component (AddParameter): Name = "Voltage"; Value = "16V"; VariantName = "[No Variations]"
Add component (AddParameter): Name = "Вид"; Value = "Конденсатор"; VariantName = "[No Variations]"
Add component (AddParameter): Name = "Виробник"; Value = ""; VariantName = "[No Variations]"
Add component (AddParameter): Name = "Примітки"; Value = ""; VariantName = "[No Variations]"
Add component (AddParameter): Name = "Точність/група"; Value = ""; VariantName = "[No Variations]"
Added Component: Designator=C10(C-0603)
Add component (AddParameter): Name = "Voltage"; Value = "50V"; VariantName = "[No Variations]"
Add component (AddParameter): Name = "Вид"; Value = "Конденсатор"; VariantName = "[No Variations]"
Add component (AddParameter): Name = "Виробник"; Value = ""; VariantName = "[No Variations]"
Add component (AddParameter): Name = "Примітки"; Value = ""; VariantName = "[No Variations]"
Add component (AddParameter): Name = "Точність/група"; Value = "NP0"; VariantName = "[No Variations]"
Added Component: Designator=D1(SOT-23)
Add component (AddParameter): Name = "Voltage"; Value = ""; VariantName = "[No Variations]"
Add component (AddParameter): Name = "Вид"; Value = "Діод"; VariantName = "[No Variations]"
Add component (AddParameter): Name = "Виробник"; Value = ""; VariantName = "[No Variations]"
Add component (AddParameter): Name = "Примітки"; Value = ""; VariantName = "[No Variations]"
Added Component: Designator=JP1(SMA_F_EDGE)
Add component (AddParameter): Name = "Voltage"; Value = ""; VariantName = "[No Variations]"
Add component (AddParameter): Name = "Вид"; Value = "Роз'єм"; VariantName = "[No Variations]"
Add component (AddParameter): Name = "Виробник"; Value = ""; VariantName = "[No Variations]"
Add component (AddParameter): Name = "Примітки"; Value = ""; VariantName = "[No Variations]"
Added Component: Designator=JP2(SMA_F_EDGE)
Add component (AddParameter): Name = "Voltage"; Value = ""; VariantName = "[No Variations]"
Add component (AddParameter): Name = "Вид"; Value = "Роз'єм"; VariantName = "[No Variations]"
Add component (AddParameter): Name = "Виробник"; Value = ""; VariantName = "[No Variations]"
Add component (AddParameter): Name = "Примітки"; Value = ""; VariantName = "[No Variations]"
Added Component: Designator=L1(L-1210)
Add component (AddParameter): Name = "Voltage"; Value = ""; VariantName = "[No Variations]"
Add component (AddParameter): Name = "Вид"; Value = "Індуктивність"; VariantName = "[No Variations]"
Add component (AddParameter): Name = "Виробник"; Value = ""; VariantName = "[No Variations]"
Add component (AddParameter): Name = "Примітки"; Value = ""; VariantName = "[No Variations]"
Add component (AddParameter): Name = "Точність/група"; Value = ""; VariantName = "[No Variations]"
Added Component: Designator=M1(E21)
Added Component: Designator=Q1(SOT-23)
Add component (AddParameter): Name = "Вид"; Value = "Транзистор"; VariantName = "[No Variations]"
Add component (AddParameter): Name = "Виробник"; Value = ""; VariantName = "[No Variations]"
Add component (AddParameter): Name = "Примітки"; Value = ""; VariantName = "[No Variations]"
Added Component: Designator=R1(R-0603)
Add component (AddParameter): Name = "Voltage"; Value = ""; VariantName = "[No Variations]"
Add component (AddParameter): Name = "Вид"; Value = "Резистор"; VariantName = "[No Variations]"
Add component (AddParameter): Name = "Виробник"; Value = ""; VariantName = "[No Variations]"
Add component (AddParameter): Name = "Примітки"; Value = ""; VariantName = "[No Variations]"
Add component (AddParameter): Name = "Точність/група"; Value = "5%"; VariantName = "[No Variations]"
Added Component: Designator=R2(R-0603)
Add component (AddParameter): Name = "Voltage"; Value = ""; VariantName = "[No Variations]"
Add component (AddParameter): Name = "Вид"; Value = "Резистор"; VariantName = "[No Variations]"
Add component (AddParameter): Name = "Виробник"; Value = ""; VariantName = "[No Variations]"
Add component (AddParameter): Name = "Примітки"; Value = ""; VariantName = "[No Variations]"
Add component (AddParameter): Name = "Точність/група"; Value = "5%"; VariantName = "[No Variations]"
Added Component: Designator=R3(R-0603)
Add component (AddParameter): Name = "Voltage"; Value = ""; VariantName = "[No Variations]"
Add component (AddParameter): Name = "Вид"; Value = "Резистор"; VariantName = "[No Variations]"
Add component (AddParameter): Name = "Виробник"; Value = ""; VariantName = "[No Variations]"
Add component (AddParameter): Name = "Примітки"; Value = ""; VariantName = "[No Variations]"
Add component (AddParameter): Name = "Точність/група"; Value = "5%"; VariantName = "[No Variations]"
Added Component: Designator=R4(R-0603)
Add component (AddParameter): Name = "Voltage"; Value = ""; VariantName = "[No Variations]"
Add component (AddParameter): Name = "Вид"; Value = "Резистор"; VariantName = "[No Variations]"
Add component (AddParameter): Name = "Виробник"; Value = ""; VariantName = "[No Variations]"
Add component (AddParameter): Name = "Примітки"; Value = ""; VariantName = "[No Variations]"
Add component (AddParameter): Name = "Точність/група"; Value = "5%"; VariantName = "[No Variations]"
Added Component: Designator=R5(R-0603)
Add component (AddParameter): Name = "Voltage"; Value = ""; VariantName = "[No Variations]"
Add component (AddParameter): Name = "Вид"; Value = "Резистор"; VariantName = "[No Variations]"
Add component (AddParameter): Name = "Виробник"; Value = ""; VariantName = "[No Variations]"
Add component (AddParameter): Name = "Примітки"; Value = ""; VariantName = "[No Variations]"
Add component (AddParameter): Name = "Точність/група"; Value = "5%"; VariantName = "[No Variations]"
Added Component: Designator=R6(R-0603)
Add component (AddParameter): Name = "Voltage"; Value = ""; VariantName = "[No Variations]"
Add component (AddParameter): Name = "Вид"; Value = "Резистор"; VariantName = "[No Variations]"
Add component (AddParameter): Name = "Виробник"; Value = ""; VariantName = "[No Variations]"
Add component (AddParameter): Name = "Примітки"; Value = ""; VariantName = "[No Variations]"
Add component (AddParameter): Name = "Точність/група"; Value = "5%"; VariantName = "[No Variations]"
Added Component: Designator=R7(R-0603)
Add component (AddParameter): Name = "Voltage"; Value = ""; VariantName = "[No Variations]"
Add component (AddParameter): Name = "Вид"; Value = "Резистор"; VariantName = "[No Variations]"
Add component (AddParameter): Name = "Виробник"; Value = ""; VariantName = "[No Variations]"
Add component (AddParameter): Name = "Примітки"; Value = ""; VariantName = "[No Variations]"
Add component (AddParameter): Name = "Точність/група"; Value = "5%"; VariantName = "[No Variations]"
Added Component: Designator=R8(R-0603)
Add component (AddParameter): Name = "Voltage"; Value = ""; VariantName = "[No Variations]"
Add component (AddParameter): Name = "Вид"; Value = "Резистор"; VariantName = "[No Variations]"
Add component (AddParameter): Name = "Виробник"; Value = ""; VariantName = "[No Variations]"
Add component (AddParameter): Name = "Примітки"; Value = ""; VariantName = "[No Variations]"
Add component (AddParameter): Name = "Точність/група"; Value = "5%"; VariantName = "[No Variations]"
Added Component: Designator=U1(DPAK3)
Add component (AddParameter): Name = "Вид"; Value = "Мікросхема"; VariantName = "[No Variations]"
Add component (AddParameter): Name = "Виробник"; Value = ""; VariantName = "[No Variations]"
Add component (AddParameter): Name = "Примітки"; Value = ""; VariantName = "[No Variations]"
Added Component: Designator=U2(SO-8)
Add component (AddParameter): Name = "Вид"; Value = "Мікросхема"; VariantName = "[No Variations]"
Add component (AddParameter): Name = "Виробник"; Value = ""; VariantName = "[No Variations]"
Add component (AddParameter): Name = "Примітки"; Value = ""; VariantName = "[No Variations]"
Added Pin To Net: NetName=+5V Pin=C8-1
Added Pin To Net: NetName=+5V Pin=R5-1
Added Pin To Net: NetName=+5V Pin=R8-2
Added Pin To Net: NetName=+5V Pin=U1-3
Added Pin To Net: NetName=+5V Pin=U2-8
Added Net: Name=+5V
Added Pin To Net: NetName=+12V Pin=C1-2
Added Pin To Net: NetName=+12V Pin=L1-2
Added Pin To Net: NetName=+12V Pin=U1-1
Added Net: Name=+12V
Added Pin To Net: NetName=GND Pin=C1-1
Added Pin To Net: NetName=GND Pin=C5-2
Added Pin To Net: NetName=GND Pin=C7-2
Added Pin To Net: NetName=GND Pin=C8-2
Added Pin To Net: NetName=GND Pin=C9-1
Added Pin To Net: NetName=GND Pin=D1-3
Added Pin To Net: NetName=GND Pin=JP1-2
Added Pin To Net: NetName=GND Pin=JP1-2
Added Pin To Net: NetName=GND Pin=JP1-2
Added Pin To Net: NetName=GND Pin=JP1-2
Added Pin To Net: NetName=GND Pin=JP2-2
Added Pin To Net: NetName=GND Pin=JP2-2
Added Pin To Net: NetName=GND Pin=JP2-2
Added Pin To Net: NetName=GND Pin=JP2-2
Added Pin To Net: NetName=GND Pin=M1-2
Added Pin To Net: NetName=GND Pin=M1-5
Added Pin To Net: NetName=GND Pin=M1-7
Added Pin To Net: NetName=GND Pin=M1-8
Added Pin To Net: NetName=GND Pin=M1-10
Added Pin To Net: NetName=GND Pin=Q1-2
Added Pin To Net: NetName=GND Pin=R1-1
Added Pin To Net: NetName=GND Pin=R2-2
Added Pin To Net: NetName=GND Pin=R6-1
Added Pin To Net: NetName=GND Pin=U1-2
Added Pin To Net: NetName=GND Pin=U2-4
Added Net: Name=GND
Added Pin To Net: NetName=NetC2_1 Pin=C2-1
Added Pin To Net: NetName=NetC2_1 Pin=JP1-1
Added Pin To Net: NetName=NetC2_1 Pin=L1-1
Added Net: Name=NetC2_1
Added Pin To Net: NetName=NetC2_2 Pin=C2-2
Added Pin To Net: NetName=NetC2_2 Pin=C4-1
Added Pin To Net: NetName=NetC2_2 Pin=M1-6
Added Net: Name=NetC2_2
Added Pin To Net: NetName=NetC4_2 Pin=C4-2
Added Pin To Net: NetName=NetC4_2 Pin=D1-2
Added Net: Name=NetC4_2
Added Pin To Net: NetName=NetC5_1 Pin=C5-1
Added Pin To Net: NetName=NetC5_1 Pin=D1-1
Added Pin To Net: NetName=NetC5_1 Pin=R1-2
Added Pin To Net: NetName=NetC5_1 Pin=U2-3
Added Net: Name=NetC5_1
Added Pin To Net: NetName=NetC7_1 Pin=C7-1
Added Pin To Net: NetName=NetC7_1 Pin=C9-2
Added Pin To Net: NetName=NetC7_1 Pin=M1-1
Added Net: Name=NetC7_1
Added Pin To Net: NetName=NetC10_1 Pin=C10-1
Added Pin To Net: NetName=NetC10_1 Pin=M1-9
Added Net: Name=NetC10_1
Added Pin To Net: NetName=NetC10_2 Pin=C10-2
Added Pin To Net: NetName=NetC10_2 Pin=JP2-1
Added Net: Name=NetC10_2
Added Pin To Net: NetName=NetR2_1 Pin=R2-1
Added Pin To Net: NetName=NetR2_1 Pin=R3-2
Added Pin To Net: NetName=NetR2_1 Pin=U2-2
Added Net: Name=NetR2_1
Added Pin To Net: NetName=NetR3_1 Pin=R3-1
Added Pin To Net: NetName=NetR3_1 Pin=R4-2
Added Pin To Net: NetName=NetR3_1 Pin=U2-1
Added Net: Name=NetR3_1
Added Pin To Net: NetName=NetR4_1 Pin=R4-1
Added Pin To Net: NetName=NetR4_1 Pin=R7-1
Added Pin To Net: NetName=NetR4_1 Pin=U2-5
Added Net: Name=NetR4_1
Added Pin To Net: NetName=NetR5_2 Pin=R5-2
Added Pin To Net: NetName=NetR5_2 Pin=R6-2
Added Pin To Net: NetName=NetR5_2 Pin=U2-6
Added Net: Name=NetR5_2
Added Pin To Net: NetName=RXEN Pin=M1-4
Added Pin To Net: NetName=RXEN Pin=Q1-3
Added Pin To Net: NetName=RXEN Pin=R8-1
Added Net: Name=RXEN
Added Pin To Net: NetName=TXEN Pin=M1-3
Added Pin To Net: NetName=TXEN Pin=Q1-1
Added Pin To Net: NetName=TXEN Pin=R7-2
Added Pin To Net: NetName=TXEN Pin=U2-7
Added Net: Name=TXEN
